<?xml version="1.0" encoding="UTF-8"?>
<!-- Generated by org.testng.reporters.JUnitReportReporter -->
<testsuite hostname="RashedZahan" failures="0" tests="1" name="locator.BasicTesting" time="28.058" errors="0" timestamp="2023-01-19T21:51:59 BDT" skipped="0">
  <testcase classname="locator.BasicTesting" name="testNameByPartialLink" time="28.058"/>
  <system-out/>
</testsuite> <!-- locator.BasicTesting -->
