<?xml version="1.0" encoding="UTF-8"?>
<!-- Generated by org.testng.reporters.JUnitReportReporter -->
<testsuite hostname="RashedZahan" failures="0" tests="1" name="FirstTestingPackage.locator_learning_Advance" time="9.270" errors="0" timestamp="2023-01-17T21:11:54 BDT" skipped="0">
  <testcase classname="FirstTestingPackage.locator_learning_Advance" name="LocateSelectOptionByCssSelectorEndtWith" time="9.270"/>
  <system-out/>
</testsuite> <!-- FirstTestingPackage.locator_learning_Advance -->
