<?xml version="1.0" encoding="UTF-8"?>
<!-- Generated by org.testng.reporters.JUnitReportReporter -->
<testsuite hostname="RashedZahan" failures="0" tests="1" name="FirstTestingPackage.NewClass01" time="8.640" errors="0" timestamp="2023-01-14T22:11:22 BDT" skipped="0">
  <testcase classname="FirstTestingPackage.NewClass01" name="testDescriptonByClassName" time="8.640"/>
  <system-out/>
</testsuite> <!-- FirstTestingPackage.NewClass01 -->
